<?xml version="1.0" encoding="UTF-8"?>
<testsuite xmlns:xsi="http://www.w3.org/2001/XMLSchema-instance" xsi:noNamespaceSchemaLocation="https://maven.apache.org/surefire/maven-surefire-plugin/xsd/surefire-test-report.xsd" name="TestSuite" time="38.58" tests="1" errors="0" skipped="0" failures="1">
  <properties>
    <property name="java.specification.version" value="18"/>
    <property name="sun.jnu.encoding" value="UTF-8"/>
    <property name="java.class.path" value="/Users/manav/Documents/demoPractice/demoProjectForPractice/target/test-classes:/Users/manav/Documents/demoPractice/demoProjectForPractice/target/classes:/Users/manav/.m2/repository/org/seleniumhq/selenium/selenium-java/4.8.0/selenium-java-4.8.0.jar:/Users/manav/.m2/repository/org/seleniumhq/selenium/selenium-api/4.8.0/selenium-api-4.8.0.jar:/Users/manav/.m2/repository/org/seleniumhq/selenium/selenium-chrome-driver/4.8.0/selenium-chrome-driver-4.8.0.jar:/Users/manav/.m2/repository/com/google/auto/service/auto-service-annotations/1.0.1/auto-service-annotations-1.0.1.jar:/Users/manav/.m2/repository/com/google/auto/service/auto-service/1.0.1/auto-service-1.0.1.jar:/Users/manav/.m2/repository/com/google/auto/auto-common/1.2/auto-common-1.2.jar:/Users/manav/.m2/repository/com/google/guava/guava/31.1-jre/guava-31.1-jre.jar:/Users/manav/.m2/repository/com/google/guava/failureaccess/1.0.1/failureaccess-1.0.1.jar:/Users/manav/.m2/repository/com/google/guava/listenablefuture/9999.0-empty-to-avoid-conflict-with-guava/listenablefuture-9999.0-empty-to-avoid-conflict-with-guava.jar:/Users/manav/.m2/repository/com/google/code/findbugs/jsr305/3.0.2/jsr305-3.0.2.jar:/Users/manav/.m2/repository/org/checkerframework/checker-qual/3.12.0/checker-qual-3.12.0.jar:/Users/manav/.m2/repository/com/google/errorprone/error_prone_annotations/2.11.0/error_prone_annotations-2.11.0.jar:/Users/manav/.m2/repository/com/google/j2objc/j2objc-annotations/1.3/j2objc-annotations-1.3.jar:/Users/manav/.m2/repository/org/seleniumhq/selenium/selenium-chromium-driver/4.8.0/selenium-chromium-driver-4.8.0.jar:/Users/manav/.m2/repository/org/seleniumhq/selenium/selenium-json/4.8.0/selenium-json-4.8.0.jar:/Users/manav/.m2/repository/org/seleniumhq/selenium/selenium-devtools-v107/4.8.0/selenium-devtools-v107-4.8.0.jar:/Users/manav/.m2/repository/org/seleniumhq/selenium/selenium-devtools-v108/4.8.0/selenium-devtools-v108-4.8.0.jar:/Users/manav/.m2/repository/org/seleniumhq/selenium/selenium-devtools-v109/4.8.0/selenium-devtools-v109-4.8.0.jar:/Users/manav/.m2/repository/org/seleniumhq/selenium/selenium-devtools-v85/4.8.0/selenium-devtools-v85-4.8.0.jar:/Users/manav/.m2/repository/org/seleniumhq/selenium/selenium-edge-driver/4.8.0/selenium-edge-driver-4.8.0.jar:/Users/manav/.m2/repository/org/seleniumhq/selenium/selenium-firefox-driver/4.8.0/selenium-firefox-driver-4.8.0.jar:/Users/manav/.m2/repository/org/seleniumhq/selenium/selenium-http/4.8.0/selenium-http-4.8.0.jar:/Users/manav/.m2/repository/dev/failsafe/failsafe/3.3.0/failsafe-3.3.0.jar:/Users/manav/.m2/repository/org/seleniumhq/selenium/selenium-ie-driver/4.8.0/selenium-ie-driver-4.8.0.jar:/Users/manav/.m2/repository/org/seleniumhq/selenium/selenium-remote-driver/4.8.0/selenium-remote-driver-4.8.0.jar:/Users/manav/.m2/repository/io/netty/netty-buffer/4.1.87.Final/netty-buffer-4.1.87.Final.jar:/Users/manav/.m2/repository/io/netty/netty-codec-http/4.1.87.Final/netty-codec-http-4.1.87.Final.jar:/Users/manav/.m2/repository/io/netty/netty-codec/4.1.87.Final/netty-codec-4.1.87.Final.jar:/Users/manav/.m2/repository/io/netty/netty-handler/4.1.87.Final/netty-handler-4.1.87.Final.jar:/Users/manav/.m2/repository/io/netty/netty-common/4.1.87.Final/netty-common-4.1.87.Final.jar:/Users/manav/.m2/repository/io/netty/netty-transport-classes-epoll/4.1.87.Final/netty-transport-classes-epoll-4.1.87.Final.jar:/Users/manav/.m2/repository/io/netty/netty-transport-classes-kqueue/4.1.87.Final/netty-transport-classes-kqueue-4.1.87.Final.jar:/Users/manav/.m2/repository/io/netty/netty-transport-native-epoll/4.1.87.Final/netty-transport-native-epoll-4.1.87.Final.jar:/Users/manav/.m2/repository/io/netty/netty-transport-native-kqueue/4.1.87.Final/netty-transport-native-kqueue-4.1.87.Final.jar:/Users/manav/.m2/repository/io/netty/netty-transport-native-unix-common/4.1.87.Final/netty-transport-native-unix-common-4.1.87.Final.jar:/Users/manav/.m2/repository/io/netty/netty-transport/4.1.87.Final/netty-transport-4.1.87.Final.jar:/Users/manav/.m2/repository/io/netty/netty-resolver/4.1.87.Final/netty-resolver-4.1.87.Final.jar:/Users/manav/.m2/repository/io/opentelemetry/opentelemetry-api/1.22.0/opentelemetry-api-1.22.0.jar:/Users/manav/.m2/repository/io/opentelemetry/opentelemetry-context/1.22.0/opentelemetry-context-1.22.0.jar:/Users/manav/.m2/repository/io/opentelemetry/opentelemetry-exporter-logging/1.22.0/opentelemetry-exporter-logging-1.22.0.jar:/Users/manav/.m2/repository/io/opentelemetry/opentelemetry-sdk-metrics/1.22.0/opentelemetry-sdk-metrics-1.22.0.jar:/Users/manav/.m2/repository/io/opentelemetry/opentelemetry-sdk-logs/1.22.0-alpha/opentelemetry-sdk-logs-1.22.0-alpha.jar:/Users/manav/.m2/repository/io/opentelemetry/opentelemetry-api-logs/1.22.0-alpha/opentelemetry-api-logs-1.22.0-alpha.jar:/Users/manav/.m2/repository/io/opentelemetry/opentelemetry-sdk-common/1.22.0/opentelemetry-sdk-common-1.22.0.jar:/Users/manav/.m2/repository/io/opentelemetry/opentelemetry-sdk-extension-autoconfigure-spi/1.22.0/opentelemetry-sdk-extension-autoconfigure-spi-1.22.0.jar:/Users/manav/.m2/repository/io/opentelemetry/opentelemetry-sdk-extension-autoconfigure/1.22.0-alpha/opentelemetry-sdk-extension-autoconfigure-1.22.0-alpha.jar:/Users/manav/.m2/repository/io/opentelemetry/opentelemetry-sdk-trace/1.22.0/opentelemetry-sdk-trace-1.22.0.jar:/Users/manav/.m2/repository/io/opentelemetry/opentelemetry-sdk/1.22.0/opentelemetry-sdk-1.22.0.jar:/Users/manav/.m2/repository/io/opentelemetry/opentelemetry-semconv/1.22.0-alpha/opentelemetry-semconv-1.22.0-alpha.jar:/Users/manav/.m2/repository/io/ous/jtoml/2.0.0/jtoml-2.0.0.jar:/Users/manav/.m2/repository/net/bytebuddy/byte-buddy/1.12.22/byte-buddy-1.12.22.jar:/Users/manav/.m2/repository/org/apache/commons/commons-exec/1.3/commons-exec-1.3.jar:/Users/manav/.m2/repository/org/asynchttpclient/async-http-client/2.12.3/async-http-client-2.12.3.jar:/Users/manav/.m2/repository/org/asynchttpclient/async-http-client-netty-utils/2.12.3/async-http-client-netty-utils-2.12.3.jar:/Users/manav/.m2/repository/io/netty/netty-codec-socks/4.1.60.Final/netty-codec-socks-4.1.60.Final.jar:/Users/manav/.m2/repository/io/netty/netty-handler-proxy/4.1.60.Final/netty-handler-proxy-4.1.60.Final.jar:/Users/manav/.m2/repository/io/netty/netty-transport-native-epoll/4.1.60.Final/netty-transport-native-epoll-4.1.60.Final-linux-x86_64.jar:/Users/manav/.m2/repository/io/netty/netty-transport-native-kqueue/4.1.60.Final/netty-transport-native-kqueue-4.1.60.Final-osx-x86_64.jar:/Users/manav/.m2/repository/org/reactivestreams/reactive-streams/1.0.3/reactive-streams-1.0.3.jar:/Users/manav/.m2/repository/com/typesafe/netty/netty-reactive-streams/2.0.4/netty-reactive-streams-2.0.4.jar:/Users/manav/.m2/repository/com/sun/activation/jakarta.activation/1.2.2/jakarta.activation-1.2.2.jar:/Users/manav/.m2/repository/org/seleniumhq/selenium/selenium-manager/4.8.0/selenium-manager-4.8.0.jar:/Users/manav/.m2/repository/org/seleniumhq/selenium/selenium-safari-driver/4.8.0/selenium-safari-driver-4.8.0.jar:/Users/manav/.m2/repository/org/seleniumhq/selenium/selenium-support/4.8.0/selenium-support-4.8.0.jar:/Users/manav/.m2/repository/io/github/bonigarcia/webdrivermanager/5.3.2/webdrivermanager-5.3.2.jar:/Users/manav/.m2/repository/org/slf4j/slf4j-api/2.0.6/slf4j-api-2.0.6.jar:/Users/manav/.m2/repository/com/google/code/gson/gson/2.10.1/gson-2.10.1.jar:/Users/manav/.m2/repository/com/github/docker-java/docker-java/3.2.14/docker-java-3.2.14.jar:/Users/manav/.m2/repository/com/github/docker-java/docker-java-core/3.2.14/docker-java-core-3.2.14.jar:/Users/manav/.m2/repository/com/github/docker-java/docker-java-api/3.2.14/docker-java-api-3.2.14.jar:/Users/manav/.m2/repository/com/fasterxml/jackson/core/jackson-annotations/2.10.3/jackson-annotations-2.10.3.jar:/Users/manav/.m2/repository/org/apache/commons/commons-compress/1.21/commons-compress-1.21.jar:/Users/manav/.m2/repository/com/fasterxml/jackson/core/jackson-databind/2.10.3/jackson-databind-2.10.3.jar:/Users/manav/.m2/repository/com/fasterxml/jackson/core/jackson-core/2.10.3/jackson-core-2.10.3.jar:/Users/manav/.m2/repository/org/bouncycastle/bcpkix-jdk15on/1.64/bcpkix-jdk15on-1.64.jar:/Users/manav/.m2/repository/org/bouncycastle/bcprov-jdk15on/1.64/bcprov-jdk15on-1.64.jar:/Users/manav/.m2/repository/org/slf4j/jcl-over-slf4j/1.7.30/jcl-over-slf4j-1.7.30.jar:/Users/manav/.m2/repository/com/github/docker-java/docker-java-transport-httpclient5/3.2.14/docker-java-transport-httpclient5-3.2.14.jar:/Users/manav/.m2/repository/com/github/docker-java/docker-java-transport/3.2.14/docker-java-transport-3.2.14.jar:/Users/manav/.m2/repository/net/java/dev/jna/jna/5.12.1/jna-5.12.1.jar:/Users/manav/.m2/repository/org/brotli/dec/0.1.2/dec-0.1.2.jar:/Users/manav/.m2/repository/org/apache/commons/commons-lang3/3.12.0/commons-lang3-3.12.0.jar:/Users/manav/.m2/repository/org/apache/httpcomponents/client5/httpclient5/5.2.1/httpclient5-5.2.1.jar:/Users/manav/.m2/repository/org/apache/httpcomponents/core5/httpcore5/5.2/httpcore5-5.2.jar:/Users/manav/.m2/repository/org/apache/httpcomponents/core5/httpcore5-h2/5.2/httpcore5-h2-5.2.jar:/Users/manav/.m2/repository/io/cucumber/cucumber-java/7.11.1/cucumber-java-7.11.1.jar:/Users/manav/.m2/repository/io/cucumber/cucumber-core/7.11.1/cucumber-core-7.11.1.jar:/Users/manav/.m2/repository/io/cucumber/cucumber-gherkin/7.11.1/cucumber-gherkin-7.11.1.jar:/Users/manav/.m2/repository/io/cucumber/cucumber-gherkin-messages/7.11.1/cucumber-gherkin-messages-7.11.1.jar:/Users/manav/.m2/repository/io/cucumber/gherkin/26.0.3/gherkin-26.0.3.jar:/Users/manav/.m2/repository/io/cucumber/messages/21.0.1/messages-21.0.1.jar:/Users/manav/.m2/repository/io/cucumber/tag-expressions/5.0.1/tag-expressions-5.0.1.jar:/Users/manav/.m2/repository/io/cucumber/cucumber-expressions/16.1.2/cucumber-expressions-16.1.2.jar:/Users/manav/.m2/repository/io/cucumber/datatable/7.11.1/datatable-7.11.1.jar:/Users/manav/.m2/repository/io/cucumber/cucumber-plugin/7.11.1/cucumber-plugin-7.11.1.jar:/Users/manav/.m2/repository/io/cucumber/docstring/7.11.1/docstring-7.11.1.jar:/Users/manav/.m2/repository/io/cucumber/html-formatter/20.2.1/html-formatter-20.2.1.jar:/Users/manav/.m2/repository/io/cucumber/junit-xml-formatter/0.1.0/junit-xml-formatter-0.1.0.jar:/Users/manav/.m2/repository/io/cucumber/ci-environment/9.1.0/ci-environment-9.1.0.jar:/Users/manav/.m2/repository/org/apiguardian/apiguardian-api/1.1.2/apiguardian-api-1.1.2.jar:/Users/manav/.m2/repository/org/testng/testng/7.0.0/testng-7.0.0.jar:/Users/manav/.m2/repository/com/beust/jcommander/1.72/jcommander-1.72.jar:/Users/manav/.m2/repository/io/cucumber/cucumber-testng/7.11.1/cucumber-testng-7.11.1.jar:/Users/manav/.m2/repository/io/cucumber/cucumber-picocontainer/7.11.1/cucumber-picocontainer-7.11.1.jar:/Users/manav/.m2/repository/org/picocontainer/picocontainer/2.15/picocontainer-2.15.jar:/Users/manav/.m2/repository/com/github/javafaker/javafaker/1.0.2/javafaker-1.0.2.jar:/Users/manav/.m2/repository/org/yaml/snakeyaml/1.23/snakeyaml-1.23-android.jar:/Users/manav/.m2/repository/com/github/mifmif/generex/1.0.2/generex-1.0.2.jar:/Users/manav/.m2/repository/dk/brics/automaton/automaton/1.11-8/automaton-1.11-8.jar:/Users/manav/.m2/repository/org/json/json/20220320/json-20220320.jar:/Users/manav/.m2/repository/commons-io/commons-io/2.11.0/commons-io-2.11.0.jar:/Users/manav/.m2/repository/com/github/mkolisnyk/cucumber-runner/1.3.5/cucumber-runner-1.3.5.jar:/Users/manav/.m2/repository/com/github/mkolisnyk/cucumber-report-generator/1.3.5/cucumber-report-generator-1.3.5.jar:/Users/manav/.m2/repository/org/freemarker/freemarker/2.3.26-incubating/freemarker-2.3.26-incubating.jar:/Users/manav/.m2/repository/xml-apis/xml-apis/1.4.01/xml-apis-1.4.01.jar:/Users/manav/.m2/repository/batik/batik-transcoder/1.6-1/batik-transcoder-1.6-1.jar:/Users/manav/.m2/repository/batik/batik-bridge/1.6-1/batik-bridge-1.6-1.jar:/Users/manav/.m2/repository/batik/batik-gvt/1.6-1/batik-gvt-1.6-1.jar:/Users/manav/.m2/repository/batik/batik-awt-util/1.6-1/batik-awt-util-1.6-1.jar:/Users/manav/.m2/repository/batik/batik-util/1.6-1/batik-util-1.6-1.jar:/Users/manav/.m2/repository/batik/batik-gui-util/1.6-1/batik-gui-util-1.6-1.jar:/Users/manav/.m2/repository/batik/batik-ext/1.6-1/batik-ext-1.6-1.jar:/Users/manav/.m2/repository/xml-apis/xmlParserAPIs/2.0.2/xmlParserAPIs-2.0.2.jar:/Users/manav/.m2/repository/batik/batik-script/1.6-1/batik-script-1.6-1.jar:/Users/manav/.m2/repository/rhino/js/1.5R4.1/js-1.5R4.1.jar:/Users/manav/.m2/repository/batik/batik-svg-dom/1.6-1/batik-svg-dom-1.6-1.jar:/Users/manav/.m2/repository/batik/batik-dom/1.6-1/batik-dom-1.6-1.jar:/Users/manav/.m2/repository/batik/batik-css/1.6-1/batik-css-1.6-1.jar:/Users/manav/.m2/repository/batik/batik-xml/1.6-1/batik-xml-1.6-1.jar:/Users/manav/.m2/repository/xerces/xercesImpl/2.5.0/xercesImpl-2.5.0.jar:/Users/manav/.m2/repository/batik/batik-parser/1.6-1/batik-parser-1.6-1.jar:/Users/manav/.m2/repository/com/itextpdf/itextpdf/5.5.11/itextpdf-5.5.11.jar:/Users/manav/.m2/repository/com/cedarsoftware/json-io/4.9.12/json-io-4.9.12.jar:/Users/manav/.m2/repository/info/cukes/cucumber-junit/1.2.5/cucumber-junit-1.2.5.jar:/Users/manav/.m2/repository/info/cukes/cucumber-core/1.2.5/cucumber-core-1.2.5.jar:/Users/manav/.m2/repository/info/cukes/cucumber-html/0.2.3/cucumber-html-0.2.3.jar:/Users/manav/.m2/repository/info/cukes/cucumber-jvm-deps/1.0.5/cucumber-jvm-deps-1.0.5.jar:/Users/manav/.m2/repository/info/cukes/gherkin/2.12.2/gherkin-2.12.2.jar:/Users/manav/.m2/repository/info/cukes/cucumber-testng/1.2.5/cucumber-testng-1.2.5.jar:/Users/manav/.m2/repository/junit/junit/4.12/junit-4.12.jar:/Users/manav/.m2/repository/org/hamcrest/hamcrest-core/1.3/hamcrest-core-1.3.jar:/Users/manav/.m2/repository/org/xhtmlrenderer/flying-saucer-pdf/9.1.7/flying-saucer-pdf-9.1.7.jar:/Users/manav/.m2/repository/com/lowagie/itext/2.1.7/itext-2.1.7.jar:/Users/manav/.m2/repository/org/bouncycastle/bctsp-jdk14/1.38/bctsp-jdk14-1.38.jar:/Users/manav/.m2/repository/org/xhtmlrenderer/flying-saucer-core/9.1.7/flying-saucer-core-9.1.7.jar:/Users/manav/.m2/repository/commons-codec/commons-codec/1.10/commons-codec-1.10.jar:/Users/manav/.m2/repository/org/javassist/javassist/3.22.0-CR2/javassist-3.22.0-CR2.jar:/Users/manav/.m2/repository/joda-time/joda-time/2.9.9/joda-time-2.9.9.jar:/Users/manav/.m2/repository/org/codehaus/plexus/plexus-utils/3.0.1/plexus-utils-3.0.1.jar:/Users/manav/.m2/repository/org/apache/maven/maven-plugin-api/2.0/maven-plugin-api-2.0.jar:/Users/manav/.m2/repository/org/apache/maven/reporting/maven-reporting-api/2.0.8/maven-reporting-api-2.0.8.jar:/Users/manav/.m2/repository/org/apache/maven/doxia/doxia-sink-api/1.0-alpha-9/doxia-sink-api-1.0-alpha-9.jar:/Users/manav/.m2/repository/org/apache/maven/reporting/maven-reporting-impl/2.0.4.3/maven-reporting-impl-2.0.4.3.jar:/Users/manav/.m2/repository/org/apache/maven/maven-project/2.0.4/maven-project-2.0.4.jar:/Users/manav/.m2/repository/org/apache/maven/maven-settings/2.0.4/maven-settings-2.0.4.jar:/Users/manav/.m2/repository/org/apache/maven/maven-profile/2.0.4/maven-profile-2.0.4.jar:/Users/manav/.m2/repository/org/apache/maven/maven-model/2.0.4/maven-model-2.0.4.jar:/Users/manav/.m2/repository/org/apache/maven/maven-artifact-manager/2.0.4/maven-artifact-manager-2.0.4.jar:/Users/manav/.m2/repository/org/apache/maven/maven-repository-metadata/2.0.4/maven-repository-metadata-2.0.4.jar:/Users/manav/.m2/repository/org/apache/maven/wagon/wagon-provider-api/1.0-alpha-6/wagon-provider-api-1.0-alpha-6.jar:/Users/manav/.m2/repository/org/apache/maven/maven-artifact/2.0.4/maven-artifact-2.0.4.jar:/Users/manav/.m2/repository/org/codehaus/plexus/plexus-container-default/1.0-alpha-9/plexus-container-default-1.0-alpha-9.jar:/Users/manav/.m2/repository/classworlds/classworlds/1.1-alpha-2/classworlds-1.1-alpha-2.jar:/Users/manav/.m2/repository/org/apache/maven/doxia/doxia-core/1.0/doxia-core-1.0.jar:/Users/manav/.m2/repository/org/apache/maven/doxia/doxia-site-renderer/1.0/doxia-site-renderer-1.0.jar:/Users/manav/.m2/repository/org/codehaus/plexus/plexus-i18n/1.0-beta-7/plexus-i18n-1.0-beta-7.jar:/Users/manav/.m2/repository/org/codehaus/plexus/plexus-velocity/1.1.7/plexus-velocity-1.1.7.jar:/Users/manav/.m2/repository/org/apache/velocity/velocity/1.5/velocity-1.5.jar:/Users/manav/.m2/repository/commons-lang/commons-lang/2.1/commons-lang-2.1.jar:/Users/manav/.m2/repository/org/apache/maven/doxia/doxia-decoration-model/1.0/doxia-decoration-model-1.0.jar:/Users/manav/.m2/repository/commons-collections/commons-collections/3.2/commons-collections-3.2.jar:/Users/manav/.m2/repository/org/apache/maven/doxia/doxia-module-apt/1.0/doxia-module-apt-1.0.jar:/Users/manav/.m2/repository/org/apache/maven/doxia/doxia-module-fml/1.0/doxia-module-fml-1.0.jar:/Users/manav/.m2/repository/org/apache/maven/doxia/doxia-module-xdoc/1.0/doxia-module-xdoc-1.0.jar:/Users/manav/.m2/repository/org/apache/maven/doxia/doxia-module-xhtml/1.0/doxia-module-xhtml-1.0.jar:/Users/manav/.m2/repository/commons-validator/commons-validator/1.2.0/commons-validator-1.2.0.jar:/Users/manav/.m2/repository/commons-beanutils/commons-beanutils/1.7.0/commons-beanutils-1.7.0.jar:/Users/manav/.m2/repository/commons-digester/commons-digester/1.6/commons-digester-1.6.jar:/Users/manav/.m2/repository/commons-logging/commons-logging/1.0.4/commons-logging-1.0.4.jar:/Users/manav/.m2/repository/oro/oro/2.0.8/oro-2.0.8.jar:/Users/manav/.m2/repository/org/apache/maven/shared/maven-doxia-tools/1.0.2/maven-doxia-tools-1.0.2.jar:/Users/manav/.m2/repository/org/jetbrains/annotations/23.0.0/annotations-23.0.0.jar:/Users/manav/.m2/repository/org/apache/maven/surefire/surefire-testng-utils/2.22.0/surefire-testng-utils-2.22.0.jar:/Users/manav/.m2/repository/org/apache/maven/surefire/surefire-grouper/2.22.0/surefire-grouper-2.22.0.jar:"/>
    <property name="java.vm.vendor" value="Homebrew"/>
    <property name="sun.arch.data.model" value="64"/>
    <property name="java.vendor.url" value="https://github.com/Homebrew/homebrew-core/issues"/>
    <property name="os.name" value="Mac OS X"/>
    <property name="java.vm.specification.version" value="18"/>
    <property name="sun.java.launcher" value="SUN_STANDARD"/>
    <property name="user.country" value="IN"/>
    <property name="sun.boot.library.path" value="/opt/homebrew/Cellar/openjdk/18.0.2.1_1/libexec/openjdk.jdk/Contents/Home/lib"/>
    <property name="sun.java.command" value="/Users/manav/Documents/demoPractice/demoProjectForPractice/target/surefire/surefirebooter12291474903450599926.jar /Users/manav/Documents/demoPractice/demoProjectForPractice/target/surefire 2023-03-22T17-20-08_709-jvmRun1 surefire15096149313570898442tmp surefire_06129307088429796813tmp"/>
    <property name="http.nonProxyHosts" value="local|*.local|169.254/16|*.169.254/16"/>
    <property name="jdk.debug" value="release"/>
    <property name="surefire.test.class.path" value="/Users/manav/Documents/demoPractice/demoProjectForPractice/target/test-classes:/Users/manav/Documents/demoPractice/demoProjectForPractice/target/classes:/Users/manav/.m2/repository/org/seleniumhq/selenium/selenium-java/4.8.0/selenium-java-4.8.0.jar:/Users/manav/.m2/repository/org/seleniumhq/selenium/selenium-api/4.8.0/selenium-api-4.8.0.jar:/Users/manav/.m2/repository/org/seleniumhq/selenium/selenium-chrome-driver/4.8.0/selenium-chrome-driver-4.8.0.jar:/Users/manav/.m2/repository/com/google/auto/service/auto-service-annotations/1.0.1/auto-service-annotations-1.0.1.jar:/Users/manav/.m2/repository/com/google/auto/service/auto-service/1.0.1/auto-service-1.0.1.jar:/Users/manav/.m2/repository/com/google/auto/auto-common/1.2/auto-common-1.2.jar:/Users/manav/.m2/repository/com/google/guava/guava/31.1-jre/guava-31.1-jre.jar:/Users/manav/.m2/repository/com/google/guava/failureaccess/1.0.1/failureaccess-1.0.1.jar:/Users/manav/.m2/repository/com/google/guava/listenablefuture/9999.0-empty-to-avoid-conflict-with-guava/listenablefuture-9999.0-empty-to-avoid-conflict-with-guava.jar:/Users/manav/.m2/repository/com/google/code/findbugs/jsr305/3.0.2/jsr305-3.0.2.jar:/Users/manav/.m2/repository/org/checkerframework/checker-qual/3.12.0/checker-qual-3.12.0.jar:/Users/manav/.m2/repository/com/google/errorprone/error_prone_annotations/2.11.0/error_prone_annotations-2.11.0.jar:/Users/manav/.m2/repository/com/google/j2objc/j2objc-annotations/1.3/j2objc-annotations-1.3.jar:/Users/manav/.m2/repository/org/seleniumhq/selenium/selenium-chromium-driver/4.8.0/selenium-chromium-driver-4.8.0.jar:/Users/manav/.m2/repository/org/seleniumhq/selenium/selenium-json/4.8.0/selenium-json-4.8.0.jar:/Users/manav/.m2/repository/org/seleniumhq/selenium/selenium-devtools-v107/4.8.0/selenium-devtools-v107-4.8.0.jar:/Users/manav/.m2/repository/org/seleniumhq/selenium/selenium-devtools-v108/4.8.0/selenium-devtools-v108-4.8.0.jar:/Users/manav/.m2/repository/org/seleniumhq/selenium/selenium-devtools-v109/4.8.0/selenium-devtools-v109-4.8.0.jar:/Users/manav/.m2/repository/org/seleniumhq/selenium/selenium-devtools-v85/4.8.0/selenium-devtools-v85-4.8.0.jar:/Users/manav/.m2/repository/org/seleniumhq/selenium/selenium-edge-driver/4.8.0/selenium-edge-driver-4.8.0.jar:/Users/manav/.m2/repository/org/seleniumhq/selenium/selenium-firefox-driver/4.8.0/selenium-firefox-driver-4.8.0.jar:/Users/manav/.m2/repository/org/seleniumhq/selenium/selenium-http/4.8.0/selenium-http-4.8.0.jar:/Users/manav/.m2/repository/dev/failsafe/failsafe/3.3.0/failsafe-3.3.0.jar:/Users/manav/.m2/repository/org/seleniumhq/selenium/selenium-ie-driver/4.8.0/selenium-ie-driver-4.8.0.jar:/Users/manav/.m2/repository/org/seleniumhq/selenium/selenium-remote-driver/4.8.0/selenium-remote-driver-4.8.0.jar:/Users/manav/.m2/repository/io/netty/netty-buffer/4.1.87.Final/netty-buffer-4.1.87.Final.jar:/Users/manav/.m2/repository/io/netty/netty-codec-http/4.1.87.Final/netty-codec-http-4.1.87.Final.jar:/Users/manav/.m2/repository/io/netty/netty-codec/4.1.87.Final/netty-codec-4.1.87.Final.jar:/Users/manav/.m2/repository/io/netty/netty-handler/4.1.87.Final/netty-handler-4.1.87.Final.jar:/Users/manav/.m2/repository/io/netty/netty-common/4.1.87.Final/netty-common-4.1.87.Final.jar:/Users/manav/.m2/repository/io/netty/netty-transport-classes-epoll/4.1.87.Final/netty-transport-classes-epoll-4.1.87.Final.jar:/Users/manav/.m2/repository/io/netty/netty-transport-classes-kqueue/4.1.87.Final/netty-transport-classes-kqueue-4.1.87.Final.jar:/Users/manav/.m2/repository/io/netty/netty-transport-native-epoll/4.1.87.Final/netty-transport-native-epoll-4.1.87.Final.jar:/Users/manav/.m2/repository/io/netty/netty-transport-native-kqueue/4.1.87.Final/netty-transport-native-kqueue-4.1.87.Final.jar:/Users/manav/.m2/repository/io/netty/netty-transport-native-unix-common/4.1.87.Final/netty-transport-native-unix-common-4.1.87.Final.jar:/Users/manav/.m2/repository/io/netty/netty-transport/4.1.87.Final/netty-transport-4.1.87.Final.jar:/Users/manav/.m2/repository/io/netty/netty-resolver/4.1.87.Final/netty-resolver-4.1.87.Final.jar:/Users/manav/.m2/repository/io/opentelemetry/opentelemetry-api/1.22.0/opentelemetry-api-1.22.0.jar:/Users/manav/.m2/repository/io/opentelemetry/opentelemetry-context/1.22.0/opentelemetry-context-1.22.0.jar:/Users/manav/.m2/repository/io/opentelemetry/opentelemetry-exporter-logging/1.22.0/opentelemetry-exporter-logging-1.22.0.jar:/Users/manav/.m2/repository/io/opentelemetry/opentelemetry-sdk-metrics/1.22.0/opentelemetry-sdk-metrics-1.22.0.jar:/Users/manav/.m2/repository/io/opentelemetry/opentelemetry-sdk-logs/1.22.0-alpha/opentelemetry-sdk-logs-1.22.0-alpha.jar:/Users/manav/.m2/repository/io/opentelemetry/opentelemetry-api-logs/1.22.0-alpha/opentelemetry-api-logs-1.22.0-alpha.jar:/Users/manav/.m2/repository/io/opentelemetry/opentelemetry-sdk-common/1.22.0/opentelemetry-sdk-common-1.22.0.jar:/Users/manav/.m2/repository/io/opentelemetry/opentelemetry-sdk-extension-autoconfigure-spi/1.22.0/opentelemetry-sdk-extension-autoconfigure-spi-1.22.0.jar:/Users/manav/.m2/repository/io/opentelemetry/opentelemetry-sdk-extension-autoconfigure/1.22.0-alpha/opentelemetry-sdk-extension-autoconfigure-1.22.0-alpha.jar:/Users/manav/.m2/repository/io/opentelemetry/opentelemetry-sdk-trace/1.22.0/opentelemetry-sdk-trace-1.22.0.jar:/Users/manav/.m2/repository/io/opentelemetry/opentelemetry-sdk/1.22.0/opentelemetry-sdk-1.22.0.jar:/Users/manav/.m2/repository/io/opentelemetry/opentelemetry-semconv/1.22.0-alpha/opentelemetry-semconv-1.22.0-alpha.jar:/Users/manav/.m2/repository/io/ous/jtoml/2.0.0/jtoml-2.0.0.jar:/Users/manav/.m2/repository/net/bytebuddy/byte-buddy/1.12.22/byte-buddy-1.12.22.jar:/Users/manav/.m2/repository/org/apache/commons/commons-exec/1.3/commons-exec-1.3.jar:/Users/manav/.m2/repository/org/asynchttpclient/async-http-client/2.12.3/async-http-client-2.12.3.jar:/Users/manav/.m2/repository/org/asynchttpclient/async-http-client-netty-utils/2.12.3/async-http-client-netty-utils-2.12.3.jar:/Users/manav/.m2/repository/io/netty/netty-codec-socks/4.1.60.Final/netty-codec-socks-4.1.60.Final.jar:/Users/manav/.m2/repository/io/netty/netty-handler-proxy/4.1.60.Final/netty-handler-proxy-4.1.60.Final.jar:/Users/manav/.m2/repository/io/netty/netty-transport-native-epoll/4.1.60.Final/netty-transport-native-epoll-4.1.60.Final-linux-x86_64.jar:/Users/manav/.m2/repository/io/netty/netty-transport-native-kqueue/4.1.60.Final/netty-transport-native-kqueue-4.1.60.Final-osx-x86_64.jar:/Users/manav/.m2/repository/org/reactivestreams/reactive-streams/1.0.3/reactive-streams-1.0.3.jar:/Users/manav/.m2/repository/com/typesafe/netty/netty-reactive-streams/2.0.4/netty-reactive-streams-2.0.4.jar:/Users/manav/.m2/repository/com/sun/activation/jakarta.activation/1.2.2/jakarta.activation-1.2.2.jar:/Users/manav/.m2/repository/org/seleniumhq/selenium/selenium-manager/4.8.0/selenium-manager-4.8.0.jar:/Users/manav/.m2/repository/org/seleniumhq/selenium/selenium-safari-driver/4.8.0/selenium-safari-driver-4.8.0.jar:/Users/manav/.m2/repository/org/seleniumhq/selenium/selenium-support/4.8.0/selenium-support-4.8.0.jar:/Users/manav/.m2/repository/io/github/bonigarcia/webdrivermanager/5.3.2/webdrivermanager-5.3.2.jar:/Users/manav/.m2/repository/org/slf4j/slf4j-api/2.0.6/slf4j-api-2.0.6.jar:/Users/manav/.m2/repository/com/google/code/gson/gson/2.10.1/gson-2.10.1.jar:/Users/manav/.m2/repository/com/github/docker-java/docker-java/3.2.14/docker-java-3.2.14.jar:/Users/manav/.m2/repository/com/github/docker-java/docker-java-core/3.2.14/docker-java-core-3.2.14.jar:/Users/manav/.m2/repository/com/github/docker-java/docker-java-api/3.2.14/docker-java-api-3.2.14.jar:/Users/manav/.m2/repository/com/fasterxml/jackson/core/jackson-annotations/2.10.3/jackson-annotations-2.10.3.jar:/Users/manav/.m2/repository/org/apache/commons/commons-compress/1.21/commons-compress-1.21.jar:/Users/manav/.m2/repository/com/fasterxml/jackson/core/jackson-databind/2.10.3/jackson-databind-2.10.3.jar:/Users/manav/.m2/repository/com/fasterxml/jackson/core/jackson-core/2.10.3/jackson-core-2.10.3.jar:/Users/manav/.m2/repository/org/bouncycastle/bcpkix-jdk15on/1.64/bcpkix-jdk15on-1.64.jar:/Users/manav/.m2/repository/org/bouncycastle/bcprov-jdk15on/1.64/bcprov-jdk15on-1.64.jar:/Users/manav/.m2/repository/org/slf4j/jcl-over-slf4j/1.7.30/jcl-over-slf4j-1.7.30.jar:/Users/manav/.m2/repository/com/github/docker-java/docker-java-transport-httpclient5/3.2.14/docker-java-transport-httpclient5-3.2.14.jar:/Users/manav/.m2/repository/com/github/docker-java/docker-java-transport/3.2.14/docker-java-transport-3.2.14.jar:/Users/manav/.m2/repository/net/java/dev/jna/jna/5.12.1/jna-5.12.1.jar:/Users/manav/.m2/repository/org/brotli/dec/0.1.2/dec-0.1.2.jar:/Users/manav/.m2/repository/org/apache/commons/commons-lang3/3.12.0/commons-lang3-3.12.0.jar:/Users/manav/.m2/repository/org/apache/httpcomponents/client5/httpclient5/5.2.1/httpclient5-5.2.1.jar:/Users/manav/.m2/repository/org/apache/httpcomponents/core5/httpcore5/5.2/httpcore5-5.2.jar:/Users/manav/.m2/repository/org/apache/httpcomponents/core5/httpcore5-h2/5.2/httpcore5-h2-5.2.jar:/Users/manav/.m2/repository/io/cucumber/cucumber-java/7.11.1/cucumber-java-7.11.1.jar:/Users/manav/.m2/repository/io/cucumber/cucumber-core/7.11.1/cucumber-core-7.11.1.jar:/Users/manav/.m2/repository/io/cucumber/cucumber-gherkin/7.11.1/cucumber-gherkin-7.11.1.jar:/Users/manav/.m2/repository/io/cucumber/cucumber-gherkin-messages/7.11.1/cucumber-gherkin-messages-7.11.1.jar:/Users/manav/.m2/repository/io/cucumber/gherkin/26.0.3/gherkin-26.0.3.jar:/Users/manav/.m2/repository/io/cucumber/messages/21.0.1/messages-21.0.1.jar:/Users/manav/.m2/repository/io/cucumber/tag-expressions/5.0.1/tag-expressions-5.0.1.jar:/Users/manav/.m2/repository/io/cucumber/cucumber-expressions/16.1.2/cucumber-expressions-16.1.2.jar:/Users/manav/.m2/repository/io/cucumber/datatable/7.11.1/datatable-7.11.1.jar:/Users/manav/.m2/repository/io/cucumber/cucumber-plugin/7.11.1/cucumber-plugin-7.11.1.jar:/Users/manav/.m2/repository/io/cucumber/docstring/7.11.1/docstring-7.11.1.jar:/Users/manav/.m2/repository/io/cucumber/html-formatter/20.2.1/html-formatter-20.2.1.jar:/Users/manav/.m2/repository/io/cucumber/junit-xml-formatter/0.1.0/junit-xml-formatter-0.1.0.jar:/Users/manav/.m2/repository/io/cucumber/ci-environment/9.1.0/ci-environment-9.1.0.jar:/Users/manav/.m2/repository/org/apiguardian/apiguardian-api/1.1.2/apiguardian-api-1.1.2.jar:/Users/manav/.m2/repository/org/testng/testng/7.0.0/testng-7.0.0.jar:/Users/manav/.m2/repository/com/beust/jcommander/1.72/jcommander-1.72.jar:/Users/manav/.m2/repository/io/cucumber/cucumber-testng/7.11.1/cucumber-testng-7.11.1.jar:/Users/manav/.m2/repository/io/cucumber/cucumber-picocontainer/7.11.1/cucumber-picocontainer-7.11.1.jar:/Users/manav/.m2/repository/org/picocontainer/picocontainer/2.15/picocontainer-2.15.jar:/Users/manav/.m2/repository/com/github/javafaker/javafaker/1.0.2/javafaker-1.0.2.jar:/Users/manav/.m2/repository/org/yaml/snakeyaml/1.23/snakeyaml-1.23-android.jar:/Users/manav/.m2/repository/com/github/mifmif/generex/1.0.2/generex-1.0.2.jar:/Users/manav/.m2/repository/dk/brics/automaton/automaton/1.11-8/automaton-1.11-8.jar:/Users/manav/.m2/repository/org/json/json/20220320/json-20220320.jar:/Users/manav/.m2/repository/commons-io/commons-io/2.11.0/commons-io-2.11.0.jar:/Users/manav/.m2/repository/com/github/mkolisnyk/cucumber-runner/1.3.5/cucumber-runner-1.3.5.jar:/Users/manav/.m2/repository/com/github/mkolisnyk/cucumber-report-generator/1.3.5/cucumber-report-generator-1.3.5.jar:/Users/manav/.m2/repository/org/freemarker/freemarker/2.3.26-incubating/freemarker-2.3.26-incubating.jar:/Users/manav/.m2/repository/xml-apis/xml-apis/1.4.01/xml-apis-1.4.01.jar:/Users/manav/.m2/repository/batik/batik-transcoder/1.6-1/batik-transcoder-1.6-1.jar:/Users/manav/.m2/repository/batik/batik-bridge/1.6-1/batik-bridge-1.6-1.jar:/Users/manav/.m2/repository/batik/batik-gvt/1.6-1/batik-gvt-1.6-1.jar:/Users/manav/.m2/repository/batik/batik-awt-util/1.6-1/batik-awt-util-1.6-1.jar:/Users/manav/.m2/repository/batik/batik-util/1.6-1/batik-util-1.6-1.jar:/Users/manav/.m2/repository/batik/batik-gui-util/1.6-1/batik-gui-util-1.6-1.jar:/Users/manav/.m2/repository/batik/batik-ext/1.6-1/batik-ext-1.6-1.jar:/Users/manav/.m2/repository/xml-apis/xmlParserAPIs/2.0.2/xmlParserAPIs-2.0.2.jar:/Users/manav/.m2/repository/batik/batik-script/1.6-1/batik-script-1.6-1.jar:/Users/manav/.m2/repository/rhino/js/1.5R4.1/js-1.5R4.1.jar:/Users/manav/.m2/repository/batik/batik-svg-dom/1.6-1/batik-svg-dom-1.6-1.jar:/Users/manav/.m2/repository/batik/batik-dom/1.6-1/batik-dom-1.6-1.jar:/Users/manav/.m2/repository/batik/batik-css/1.6-1/batik-css-1.6-1.jar:/Users/manav/.m2/repository/batik/batik-xml/1.6-1/batik-xml-1.6-1.jar:/Users/manav/.m2/repository/xerces/xercesImpl/2.5.0/xercesImpl-2.5.0.jar:/Users/manav/.m2/repository/batik/batik-parser/1.6-1/batik-parser-1.6-1.jar:/Users/manav/.m2/repository/com/itextpdf/itextpdf/5.5.11/itextpdf-5.5.11.jar:/Users/manav/.m2/repository/com/cedarsoftware/json-io/4.9.12/json-io-4.9.12.jar:/Users/manav/.m2/repository/info/cukes/cucumber-junit/1.2.5/cucumber-junit-1.2.5.jar:/Users/manav/.m2/repository/info/cukes/cucumber-core/1.2.5/cucumber-core-1.2.5.jar:/Users/manav/.m2/repository/info/cukes/cucumber-html/0.2.3/cucumber-html-0.2.3.jar:/Users/manav/.m2/repository/info/cukes/cucumber-jvm-deps/1.0.5/cucumber-jvm-deps-1.0.5.jar:/Users/manav/.m2/repository/info/cukes/gherkin/2.12.2/gherkin-2.12.2.jar:/Users/manav/.m2/repository/info/cukes/cucumber-testng/1.2.5/cucumber-testng-1.2.5.jar:/Users/manav/.m2/repository/junit/junit/4.12/junit-4.12.jar:/Users/manav/.m2/repository/org/hamcrest/hamcrest-core/1.3/hamcrest-core-1.3.jar:/Users/manav/.m2/repository/org/xhtmlrenderer/flying-saucer-pdf/9.1.7/flying-saucer-pdf-9.1.7.jar:/Users/manav/.m2/repository/com/lowagie/itext/2.1.7/itext-2.1.7.jar:/Users/manav/.m2/repository/org/bouncycastle/bctsp-jdk14/1.38/bctsp-jdk14-1.38.jar:/Users/manav/.m2/repository/org/xhtmlrenderer/flying-saucer-core/9.1.7/flying-saucer-core-9.1.7.jar:/Users/manav/.m2/repository/commons-codec/commons-codec/1.10/commons-codec-1.10.jar:/Users/manav/.m2/repository/org/javassist/javassist/3.22.0-CR2/javassist-3.22.0-CR2.jar:/Users/manav/.m2/repository/joda-time/joda-time/2.9.9/joda-time-2.9.9.jar:/Users/manav/.m2/repository/org/codehaus/plexus/plexus-utils/3.0.1/plexus-utils-3.0.1.jar:/Users/manav/.m2/repository/org/apache/maven/maven-plugin-api/2.0/maven-plugin-api-2.0.jar:/Users/manav/.m2/repository/org/apache/maven/reporting/maven-reporting-api/2.0.8/maven-reporting-api-2.0.8.jar:/Users/manav/.m2/repository/org/apache/maven/doxia/doxia-sink-api/1.0-alpha-9/doxia-sink-api-1.0-alpha-9.jar:/Users/manav/.m2/repository/org/apache/maven/reporting/maven-reporting-impl/2.0.4.3/maven-reporting-impl-2.0.4.3.jar:/Users/manav/.m2/repository/org/apache/maven/maven-project/2.0.4/maven-project-2.0.4.jar:/Users/manav/.m2/repository/org/apache/maven/maven-settings/2.0.4/maven-settings-2.0.4.jar:/Users/manav/.m2/repository/org/apache/maven/maven-profile/2.0.4/maven-profile-2.0.4.jar:/Users/manav/.m2/repository/org/apache/maven/maven-model/2.0.4/maven-model-2.0.4.jar:/Users/manav/.m2/repository/org/apache/maven/maven-artifact-manager/2.0.4/maven-artifact-manager-2.0.4.jar:/Users/manav/.m2/repository/org/apache/maven/maven-repository-metadata/2.0.4/maven-repository-metadata-2.0.4.jar:/Users/manav/.m2/repository/org/apache/maven/wagon/wagon-provider-api/1.0-alpha-6/wagon-provider-api-1.0-alpha-6.jar:/Users/manav/.m2/repository/org/apache/maven/maven-artifact/2.0.4/maven-artifact-2.0.4.jar:/Users/manav/.m2/repository/org/codehaus/plexus/plexus-container-default/1.0-alpha-9/plexus-container-default-1.0-alpha-9.jar:/Users/manav/.m2/repository/classworlds/classworlds/1.1-alpha-2/classworlds-1.1-alpha-2.jar:/Users/manav/.m2/repository/org/apache/maven/doxia/doxia-core/1.0/doxia-core-1.0.jar:/Users/manav/.m2/repository/org/apache/maven/doxia/doxia-site-renderer/1.0/doxia-site-renderer-1.0.jar:/Users/manav/.m2/repository/org/codehaus/plexus/plexus-i18n/1.0-beta-7/plexus-i18n-1.0-beta-7.jar:/Users/manav/.m2/repository/org/codehaus/plexus/plexus-velocity/1.1.7/plexus-velocity-1.1.7.jar:/Users/manav/.m2/repository/org/apache/velocity/velocity/1.5/velocity-1.5.jar:/Users/manav/.m2/repository/commons-lang/commons-lang/2.1/commons-lang-2.1.jar:/Users/manav/.m2/repository/org/apache/maven/doxia/doxia-decoration-model/1.0/doxia-decoration-model-1.0.jar:/Users/manav/.m2/repository/commons-collections/commons-collections/3.2/commons-collections-3.2.jar:/Users/manav/.m2/repository/org/apache/maven/doxia/doxia-module-apt/1.0/doxia-module-apt-1.0.jar:/Users/manav/.m2/repository/org/apache/maven/doxia/doxia-module-fml/1.0/doxia-module-fml-1.0.jar:/Users/manav/.m2/repository/org/apache/maven/doxia/doxia-module-xdoc/1.0/doxia-module-xdoc-1.0.jar:/Users/manav/.m2/repository/org/apache/maven/doxia/doxia-module-xhtml/1.0/doxia-module-xhtml-1.0.jar:/Users/manav/.m2/repository/commons-validator/commons-validator/1.2.0/commons-validator-1.2.0.jar:/Users/manav/.m2/repository/commons-beanutils/commons-beanutils/1.7.0/commons-beanutils-1.7.0.jar:/Users/manav/.m2/repository/commons-digester/commons-digester/1.6/commons-digester-1.6.jar:/Users/manav/.m2/repository/commons-logging/commons-logging/1.0.4/commons-logging-1.0.4.jar:/Users/manav/.m2/repository/oro/oro/2.0.8/oro-2.0.8.jar:/Users/manav/.m2/repository/org/apache/maven/shared/maven-doxia-tools/1.0.2/maven-doxia-tools-1.0.2.jar:/Users/manav/.m2/repository/org/jetbrains/annotations/23.0.0/annotations-23.0.0.jar:/Users/manav/.m2/repository/org/apache/maven/surefire/surefire-testng-utils/2.22.0/surefire-testng-utils-2.22.0.jar:/Users/manav/.m2/repository/org/apache/maven/surefire/surefire-grouper/2.22.0/surefire-grouper-2.22.0.jar:"/>
    <property name="sun.cpu.endian" value="little"/>
    <property name="user.home" value="/Users/manav"/>
    <property name="user.language" value="en"/>
    <property name="java.specification.vendor" value="Oracle Corporation"/>
    <property name="java.version.date" value="2022-08-18"/>
    <property name="java.home" value="/opt/homebrew/Cellar/openjdk/18.0.2.1_1/libexec/openjdk.jdk/Contents/Home"/>
    <property name="file.separator" value="/"/>
    <property name="basedir" value="/Users/manav/Documents/demoPractice/demoProjectForPractice"/>
    <property name="java.vm.compressedOopsMode" value="Zero based"/>
    <property name="line.separator" value="&#10;"/>
    <property name="java.vm.specification.vendor" value="Oracle Corporation"/>
    <property name="java.specification.name" value="Java Platform API Specification"/>
    <property name="apple.awt.application.name" value="ForkedBooter"/>
    <property name="surefire.real.class.path" value="/Users/manav/Documents/demoPractice/demoProjectForPractice/target/surefire/surefirebooter12291474903450599926.jar"/>
    <property name="sun.management.compiler" value="HotSpot 64-Bit Tiered Compilers"/>
    <property name="ftp.nonProxyHosts" value="local|*.local|169.254/16|*.169.254/16"/>
    <property name="java.runtime.version" value="18.0.2.1+1"/>
    <property name="user.name" value="manav"/>
    <property name="path.separator" value=":"/>
    <property name="os.version" value="12.6"/>
    <property name="java.runtime.name" value="OpenJDK Runtime Environment"/>
    <property name="file.encoding" value="UTF-8"/>
    <property name="browser" value="ch"/>
    <property name="java.vm.name" value="OpenJDK 64-Bit Server VM"/>
    <property name="java.vendor.version" value="Homebrew"/>
    <property name="localRepository" value="/Users/manav/.m2/repository"/>
    <property name="java.vendor.url.bug" value="https://github.com/Homebrew/homebrew-core/issues"/>
    <property name="java.io.tmpdir" value="/var/folders/th/f4yf398x0lb1dnzsf70zmbd40000gq/T/"/>
    <property name="java.version" value="18.0.2.1"/>
    <property name="cucumber.filter.tags" value="@UP_signIn and not @BUG"/>
    <property name="user.dir" value="/Users/manav/Documents/demoPractice/demoProjectForPractice"/>
    <property name="os.arch" value="aarch64"/>
    <property name="threads" value="single"/>
    <property name="java.vm.specification.name" value="Java Virtual Machine Specification"/>
    <property name="env" value="stage_up"/>
    <property name="native.encoding" value="US-ASCII"/>
    <property name="java.library.path" value="/Users/manav/Library/Java/Extensions:/Library/Java/Extensions:/Network/Library/Java/Extensions:/System/Library/Java/Extensions:/usr/lib/java:."/>
    <property name="java.vm.info" value="mixed mode, sharing"/>
    <property name="java.vendor" value="Homebrew"/>
    <property name="java.vm.version" value="18.0.2.1+1"/>
    <property name="sun.io.unicode.encoding" value="UnicodeBig"/>
    <property name="socksNonProxyHosts" value="local|*.local|169.254/16|*.169.254/16"/>
    <property name="java.class.version" value="62.0"/>
    <property name="maven.test.failure.ignore" value="true"/>
  </properties>
  <testcase name="runScenario" classname="stepDef.RunCucumberTest" time="37.995">
    <failure message="element click intercepted: Element is not clickable at point (712, 744)&#10;  (Session info: chrome=111.0.5563.64)&#10;Build info: version: &apos;4.8.0&apos;, revision: &apos;267030adea&apos;&#10;System info: os.name: &apos;Mac OS X&apos;, os.arch: &apos;aarch64&apos;, os.version: &apos;12.6&apos;, java.version: &apos;18.0.2.1&apos;&#10;Driver info: org.openqa.selenium.chrome.ChromeDriver&#10;Command: [dc361a1f6dd9aac8222c7cbc2a22855a, clickElement {id=e9d5d113-6dd8-4558-a151-8783aad47e8f}]&#10;Capabilities {acceptInsecureCerts: false, browserName: chrome, browserVersion: 111.0.5563.64, chrome: {chromedriverVersion: 111.0.5563.64 (c710e93d5b63..., userDataDir: /var/folders/th/f4yf398x0lb...}, goog:chromeOptions: {debuggerAddress: localhost:49483}, networkConnectionEnabled: false, pageLoadStrategy: normal, platformName: MAC, proxy: Proxy(), se:cdp: ws://localhost:49483/devtoo..., se:cdpVersion: 111.0.5563.64, setWindowRect: true, strictFileInteractability: false, timeouts: {implicit: 0, pageLoad: 300000, script: 30000}, unhandledPromptBehavior: dismiss and notify, webauthn:extension:credBlob: true, webauthn:extension:largeBlob: true, webauthn:extension:minPinLength: true, webauthn:extension:prf: true, webauthn:virtualAuthenticators: true}&#10;Element: [[ChromeDriver: chrome on MAC (dc361a1f6dd9aac8222c7cbc2a22855a)] -&gt; xpath: //a[normalize-space()=&apos;Create a new account&apos;]]&#10;Session ID: dc361a1f6dd9aac8222c7cbc2a22855a" type="org.openqa.selenium.ElementClickInterceptedException">org.openqa.selenium.ElementClickInterceptedException: 
element click intercepted: Element is not clickable at point (712, 744)
  (Session info: chrome=111.0.5563.64)
Build info: version: '4.8.0', revision: '267030adea'
System info: os.name: 'Mac OS X', os.arch: 'aarch64', os.version: '12.6', java.version: '18.0.2.1'
Driver info: org.openqa.selenium.chrome.ChromeDriver
Command: [dc361a1f6dd9aac8222c7cbc2a22855a, clickElement {id=e9d5d113-6dd8-4558-a151-8783aad47e8f}]
Capabilities {acceptInsecureCerts: false, browserName: chrome, browserVersion: 111.0.5563.64, chrome: {chromedriverVersion: 111.0.5563.64 (c710e93d5b63..., userDataDir: /var/folders/th/f4yf398x0lb...}, goog:chromeOptions: {debuggerAddress: localhost:49483}, networkConnectionEnabled: false, pageLoadStrategy: normal, platformName: MAC, proxy: Proxy(), se:cdp: ws://localhost:49483/devtoo..., se:cdpVersion: 111.0.5563.64, setWindowRect: true, strictFileInteractability: false, timeouts: {implicit: 0, pageLoad: 300000, script: 30000}, unhandledPromptBehavior: dismiss and notify, webauthn:extension:credBlob: true, webauthn:extension:largeBlob: true, webauthn:extension:minPinLength: true, webauthn:extension:prf: true, webauthn:virtualAuthenticators: true}
Element: [[ChromeDriver: chrome on MAC (dc361a1f6dd9aac8222c7cbc2a22855a)] -> xpath: //a[normalize-space()='Create a new account']]
Session ID: dc361a1f6dd9aac8222c7cbc2a22855a
</failure>
    <system-out><![CDATA[
@UP2 @UP_signIn @regression
Scenario: Ensure create the profile and verify login functionality &amp#27;[90m# src/test/java/features/Upgrade/signIn.feature:7&amp#27;[0m
/Users/manav/.cache/selenium/chromedriver/mac64/111.0.5563.64/chromedriver
  &amp#27;[32mGiven &amp#27;[0m&amp#27;[32mthe user navigates to the homepage&amp#27;[0m                         &amp#27;[90m# stepDef.Upgrade_steps.Upgrade_Account_steps.the_user_navigates_to_the_homepage()&amp#27;[0m
Page has loaded
  &amp#27;[31mAnd &amp#27;[0m&amp#27;[31mthe user creates a new profile&amp#27;[0m                               &amp#27;[90m# stepDef.Upgrade_steps.Upgrade_Account_steps.the_user_creates_a_new_profile()&amp#27;[0m
      &amp#27;[31morg.openqa.selenium.ElementClickInterceptedException: element click intercepted: Element is not clickable at point (712, 744)
  (Session info: chrome=111.0.5563.64)
Build info: version: '4.8.0', revision: '267030adea'
System info: os.name: 'Mac OS X', os.arch: 'aarch64', os.version: '12.6', java.version: '18.0.2.1'
Driver info: org.openqa.selenium.chrome.ChromeDriver
Command: [dc361a1f6dd9aac8222c7cbc2a22855a, clickElement {id=e9d5d113-6dd8-4558-a151-8783aad47e8f}]
Capabilities {acceptInsecureCerts: false, browserName: chrome, browserVersion: 111.0.5563.64, chrome: {chromedriverVersion: 111.0.5563.64 (c710e93d5b63..., userDataDir: /var/folders/th/f4yf398x0lb...}, goog:chromeOptions: {debuggerAddress: localhost:49483}, networkConnectionEnabled: false, pageLoadStrategy: normal, platformName: MAC, proxy: Proxy(), se:cdp: ws://localhost:49483/devtoo..., se:cdpVersion: 111.0.5563.64, setWindowRect: true, strictFileInteractability: false, timeouts: {implicit: 0, pageLoad: 300000, script: 30000}, unhandledPromptBehavior: dismiss and notify, webauthn:extension:credBlob: true, webauthn:extension:largeBlob: true, webauthn:extension:minPinLength: true, webauthn:extension:prf: true, webauthn:virtualAuthenticators: true}
Element: [[ChromeDriver: chrome on MAC (dc361a1f6dd9aac8222c7cbc2a22855a)] -> xpath: //a[normalize-space()='Create a new account']]
Session ID: dc361a1f6dd9aac8222c7cbc2a22855a
	at java.base/jdk.internal.reflect.DirectConstructorHandleAccessor.newInstance(DirectConstructorHandleAccessor.java:67)
	at java.base/java.lang.reflect.Constructor.newInstanceWithCaller(Constructor.java:499)
	at java.base/java.lang.reflect.Constructor.newInstance(Constructor.java:483)
	at org.openqa.selenium.remote.codec.w3c.W3CHttpResponseCodec.createException(W3CHttpResponseCodec.java:200)
	at org.openqa.selenium.remote.codec.w3c.W3CHttpResponseCodec.decode(W3CHttpResponseCodec.java:133)
	at org.openqa.selenium.remote.codec.w3c.W3CHttpResponseCodec.decode(W3CHttpResponseCodec.java:53)
	at org.openqa.selenium.remote.HttpCommandExecutor.execute(HttpCommandExecutor.java:184)
	at org.openqa.selenium.remote.service.DriverCommandExecutor.invokeExecute(DriverCommandExecutor.java:167)
	at org.openqa.selenium.remote.service.DriverCommandExecutor.execute(DriverCommandExecutor.java:142)
	at org.openqa.selenium.remote.RemoteWebDriver.execute(RemoteWebDriver.java:543)
	at org.openqa.selenium.remote.RemoteWebElement.execute(RemoteWebElement.java:257)
	at org.openqa.selenium.remote.RemoteWebElement.click(RemoteWebElement.java:78)
	at java.base/jdk.internal.reflect.DirectMethodHandleAccessor.invoke(DirectMethodHandleAccessor.java:104)
	at java.base/java.lang.reflect.Method.invoke(Method.java:577)
	at org.openqa.selenium.support.pagefactory.internal.LocatingElementHandler.invoke(LocatingElementHandler.java:52)
	at jdk.proxy2/jdk.proxy2.$Proxy26.click(Unknown Source)
	at pageObject.Upgrade_page.Upgrade_Account_page.clickOnCreateAccount(Upgrade_Account_page.java:52)
	at stepDef.Upgrade_steps.Upgrade_Account_steps.the_user_creates_a_new_profile(Upgrade_Account_steps.java:26)
	at ✽.the user creates a new profile(file:///Users/manav/Documents/demoPractice/demoProjectForPractice/src/test/java/features/Upgrade/signIn.feature:8)
&amp#27;[0m
  &amp#27;[36mAnd &amp#27;[0m&amp#27;[36mthe user enter valid username and password&amp#27;[0m                   &amp#27;[90m# stepDef.Upgrade_steps.Upgrade_Account_steps.the_user_enter_valid_username_and_password()&amp#27;[0m

    Embedding Ensure create the profile and verify login functionality [image/png 96190 bytes]

]]></system-out>
    <system-err><![CDATA[SLF4J: No SLF4J providers were found.
SLF4J: Defaulting to no-operation (NOP) logger implementation
SLF4J: See https://www.slf4j.org/codes.html#noProviders for further details.
ChromeDriver was started successfully.
Mar 22, 2023 5:20:17 PM org.openqa.selenium.devtools.CdpVersionFinder findNearestMatch
WARNING: Unable to find an exact match for CDP version 111, so returning the closest version found: 109
]]></system-err>
  </testcase>
</testsuite>